current directory: /home/mederic/techshelter/nika/.vendor/ruby/3.0.0/gems/msgpack-1.4.5/ext/msgpack
/home/mederic/.rvm/rubies/ruby-3.0.0/bin/ruby -I /home/mederic/.rvm/rubies/ruby-3.0.0/lib/ruby/3.0.0 -r ./siteconf20220405-15174-e417bs.rb extconf.rb
checking for ruby/st.h... yes
checking for st.h... no
checking for rb_enc_interned_str() in ruby.h... yes
creating Makefile

current directory: /home/mederic/techshelter/nika/.vendor/ruby/3.0.0/gems/msgpack-1.4.5/ext/msgpack
make "DESTDIR=" clean

current directory: /home/mederic/techshelter/nika/.vendor/ruby/3.0.0/gems/msgpack-1.4.5/ext/msgpack
make "DESTDIR="
compiling buffer.c
compiling buffer_class.c
compiling extension_value_class.c
compiling factory_class.c
compiling packer.c
compiling packer_class.c
compiling packer_ext_registry.c
compiling rbinit.c
compiling rmem.c
compiling unpacker.c
compiling unpacker_class.c
compiling unpacker_ext_registry.c
linking shared-object msgpack/msgpack.so

current directory: /home/mederic/techshelter/nika/.vendor/ruby/3.0.0/gems/msgpack-1.4.5/ext/msgpack
make "DESTDIR=" install
/usr/bin/install -m 0755 msgpack.so ./.gem.20220405-15174-p933v6/msgpack
